13:08:26.331 INFO - Selenium build info: version: '3.4.0', revision: 'unknown'
13:08:26.331 INFO - Launching a standalone Selenium Server
2017-07-26 13:08:26.344:INFO::main: Logging initialized @177ms to org.seleniumhq.jetty9.util.log.StdErrLog
13:08:26.382 INFO - Driver class not found: com.opera.core.systems.OperaDriver
13:08:26.382 INFO - Driver provider com.opera.core.systems.OperaDriver registration is skipped:
Unable to create new instances on this machine.
13:08:26.383 INFO - Driver class not found: com.opera.core.systems.OperaDriver
13:08:26.383 INFO - Driver provider com.opera.core.systems.OperaDriver is not registered
13:08:26.383 INFO - Driver provider org.openqa.selenium.safari.SafariDriver registration is skipped:
 registration capabilities Capabilities [{browserName=safari, version=, platform=MAC}] does not match the current platform WIN10
2017-07-26 13:08:26.411:INFO:osjs.Server:main: jetty-9.4.3.v20170317
2017-07-26 13:08:26.435:INFO:osjsh.ContextHandler:main: Started o.s.j.s.ServletContextHandler@61832929{/,null,AVAILABLE}
2017-07-26 13:08:26.502:INFO:osjs.AbstractConnector:main: Started ServerConnector@27c20538{HTTP/1.1,[http/1.1]}{0.0.0.0:4444}
2017-07-26 13:08:26.503:INFO:osjs.Server:main: Started @335ms
13:08:26.503 INFO - Selenium Server is up and running
13:08:26.675 INFO - SessionCleaner initialized with insideBrowserTimeout 0 and clientGoneTimeout 1800000 polling every 180000
13:08:26.693 INFO - Executing: [new session: Capabilities [{acceptSslCerts=true, marionette=true, name=Bootstrap Responsive, browserName=firefox, javascriptEnabled=true, platform=ANY}]])
13:08:26.702 INFO - Creating a new session for Capabilities [{acceptSslCerts=true, marionette=true, name=Bootstrap Responsive, browserName=firefox, javascriptEnabled=true, platform=ANY}]
1501067306970	geckodriver	INFO	geckodriver 0.18.0
1501067306975	geckodriver	INFO	Listening on 127.0.0.1:37670
1501067307554	geckodriver::marionette	INFO	Starting browser C:\Program Files (x86)\Firefox Developer Edition\firefox.exe with args ["-marionette"]
1501067308096	Marionette	INFO	Enabled via --marionette
Unable to read VR Path Registry from C:\Users\SzaboAdam\AppData\Local\openvr\openvrpaths.vrpath
[GPU 6292] WARNING: pipe error: 109: file c:/builds/moz2_slave/m-beta-w32-de-0000000000000000/build/src/ipc/chromium/src/chrome/common/ipc_channel_win.cc, line 346
Unable to read VR Path Registry from C:\Users\SzaboAdam\AppData\Local\openvr\openvrpaths.vrpath
[Child 28204] WARNING: pipe error: 109: file c:/builds/moz2_slave/m-beta-w32-de-0000000000000000/build/src/ipc/chromium/src/chrome/common/ipc_channel_win.cc, line 346
[Child 28204] WARNING: pipe error: 109: file c:/builds/moz2_slave/m-beta-w32-de-0000000000000000/build/src/ipc/chromium/src/chrome/common/ipc_channel_win.cc, line 346
1501067309314	Marionette	INFO	Listening on port 30362
1501067309325	Marionette	INFO	Listening on port 30362
1501067309592	Marionette	DEBUG	loaded listener.js
13:08:29.619 INFO - Detected dialect: W3C
13:08:29.630 INFO - Done: [new session: Capabilities [{acceptSslCerts=true, marionette=true, name=Bootstrap Responsive, browserName=firefox, javascriptEnabled=true, platform=ANY}]]
13:08:29.643 INFO - Executing: [set window size])
13:08:29.724 INFO - Done: [set window size]
13:08:29.728 INFO - Executing: [get: https://v4-alpha.getbootstrap.com/examples/dashboard])
1501067309733	Marionette	DEBUG	Received DOM event "beforeunload" for "about:blank"
1501067310158	Marionette	DEBUG	Received DOM event "pagehide" for "about:blank"
1501067310158	Marionette	DEBUG	Received DOM event "unload" for "about:blank"
1501067310334	Marionette	DEBUG	Received DOM event "DOMContentLoaded" for "http://v4-alpha.getbootstrap.com/examples/dashboard/"
1501067310337	Marionette	DEBUG	Received DOM event "pageshow" for "http://v4-alpha.getbootstrap.com/examples/dashboard/"
13:08:30.341 INFO - Done: [get: https://v4-alpha.getbootstrap.com/examples/dashboard]
13:08:30.346 INFO - Executing: [find elements: By.cssSelector: body])
13:08:30.368 INFO - Done: [find elements: By.cssSelector: body]
13:08:30.373 INFO - Executing: [is displayed: 0 [[FirefoxDriver: firefox on ANY (43b49df3-311d-484c-8b60-735e69ea8d32)] -> css selector: body]])
13:08:30.424 INFO - Done: [is displayed: 0 [[FirefoxDriver: firefox on ANY (43b49df3-311d-484c-8b60-735e69ea8d32)] -> css selector: body]]
13:08:30.429 INFO - Executing: [find element: By.cssSelector: main h1])
13:08:30.437 INFO - Done: [find element: By.cssSelector: main h1]
13:08:30.441 INFO - Executing: [get text: 1 [[FirefoxDriver: firefox on ANY (43b49df3-311d-484c-8b60-735e69ea8d32)] -> css selector: main h1]])
13:08:30.454 INFO - Done: [get text: 1 [[FirefoxDriver: firefox on ANY (43b49df3-311d-484c-8b60-735e69ea8d32)] -> css selector: main h1]]
13:08:30.458 INFO - Executing: [take screenshot])
13:08:30.636 INFO - Done: [take screenshot]
13:08:30.647 INFO - Executing: [delete session: 92480047-b8a4-4f56-9de4-c75514b0863f])
1501067310651	Marionette	INFO	New connections will no longer be accepted
[GFX1-]: Receive IPC close with reason=AbnormalShutdown
13:08:31.124 INFO - Done: [delete session: 92480047-b8a4-4f56-9de4-c75514b0863f]
13:08:31.131 INFO - Executing: [new session: Capabilities [{acceptSslCerts=true, marionette=true, name=Bootstrap Responsive, browserName=firefox, javascriptEnabled=true, platform=ANY}]])
13:08:31.131 INFO - Creating a new session for Capabilities [{acceptSslCerts=true, marionette=true, name=Bootstrap Responsive, browserName=firefox, javascriptEnabled=true, platform=ANY}]
1501067311177	geckodriver	INFO	geckodriver 0.18.0
1501067311182	geckodriver	INFO	Listening on 127.0.0.1:33656
1501067311724	geckodriver::marionette	INFO	Starting browser C:\Program Files (x86)\Firefox Developer Edition\firefox.exe with args ["-marionette"]
1501067312224	Marionette	INFO	Enabled via --marionette
Unable to read VR Path Registry from C:\Users\SzaboAdam\AppData\Local\openvr\openvrpaths.vrpath
[Child 7788] WARNING: pipe error: 109: file c:/builds/moz2_slave/m-beta-w32-de-0000000000000000/build/src/ipc/chromium/src/chrome/common/ipc_channel_win.cc, line 346
[Child 7788] WARNING: pipe error: 109: file c:/builds/moz2_slave/m-beta-w32-de-0000000000000000/build/src/ipc/chromium/src/chrome/common/ipc_channel_win.cc, line 346
1501067313463	Marionette	INFO	Listening on port 30415
1501067313474	Marionette	INFO	Listening on port 30415
1501067313768	Marionette	DEBUG	loaded listener.js
13:08:33.785 INFO - Detected dialect: W3C
13:08:33.787 INFO - Done: [new session: Capabilities [{acceptSslCerts=true, marionette=true, name=Bootstrap Responsive, browserName=firefox, javascriptEnabled=true, platform=ANY}]]
13:08:33.791 INFO - Executing: [set window size])
13:08:33.869 INFO - Done: [set window size]
13:08:33.872 INFO - Executing: [get: https://v4-alpha.getbootstrap.com/examples/dashboard])
1501067313877	Marionette	DEBUG	Received DOM event "beforeunload" for "about:blank"
1501067314444	Marionette	DEBUG	Received DOM event "pagehide" for "about:blank"
1501067314444	Marionette	DEBUG	Received DOM event "unload" for "about:blank"
1501067314622	Marionette	DEBUG	Received DOM event "DOMContentLoaded" for "http://v4-alpha.getbootstrap.com/examples/dashboard/"
1501067314625	Marionette	DEBUG	Received DOM event "pageshow" for "http://v4-alpha.getbootstrap.com/examples/dashboard/"
13:08:34.630 INFO - Done: [get: https://v4-alpha.getbootstrap.com/examples/dashboard]
13:08:34.636 INFO - Executing: [find elements: By.cssSelector: body])
13:08:34.654 INFO - Done: [find elements: By.cssSelector: body]
13:08:34.658 INFO - Executing: [is displayed: 0 [[FirefoxDriver: firefox on ANY (d12f4c78-78df-4383-a22e-e913f9f21653)] -> css selector: body]])
13:08:34.697 INFO - Done: [is displayed: 0 [[FirefoxDriver: firefox on ANY (d12f4c78-78df-4383-a22e-e913f9f21653)] -> css selector: body]]
13:08:34.702 INFO - Executing: [find element: By.cssSelector: main h1])
13:08:34.711 INFO - Done: [find element: By.cssSelector: main h1]
13:08:34.714 INFO - Executing: [get text: 1 [[FirefoxDriver: firefox on ANY (d12f4c78-78df-4383-a22e-e913f9f21653)] -> css selector: main h1]])
13:08:34.728 INFO - Done: [get text: 1 [[FirefoxDriver: firefox on ANY (d12f4c78-78df-4383-a22e-e913f9f21653)] -> css selector: main h1]]
13:08:34.731 INFO - Executing: [take screenshot])
13:08:34.900 INFO - Done: [take screenshot]
13:08:34.918 INFO - Executing: [delete session: 059b83b0-52e6-427d-9ff8-d3ad75996ba2])
1501067314921	Marionette	INFO	New connections will no longer be accepted
[GFX1-]: Receive IPC close with reason=AbnormalShutdown
13:08:35.331 INFO - Done: [delete session: 059b83b0-52e6-427d-9ff8-d3ad75996ba2]
13:08:35.337 INFO - Executing: [new session: Capabilities [{acceptSslCerts=true, marionette=true, name=Bootstrap Responsive, browserName=firefox, javascriptEnabled=true, platform=ANY}]])
13:08:35.338 INFO - Creating a new session for Capabilities [{acceptSslCerts=true, marionette=true, name=Bootstrap Responsive, browserName=firefox, javascriptEnabled=true, platform=ANY}]
1501067315383	geckodriver	INFO	geckodriver 0.18.0
1501067315389	geckodriver	INFO	Listening on 127.0.0.1:4017
1501067315918	geckodriver::marionette	INFO	Starting browser C:\Program Files (x86)\Firefox Developer Edition\firefox.exe with args ["-marionette"]
1501067316479	Marionette	INFO	Enabled via --marionette
Unable to read VR Path Registry from C:\Users\SzaboAdam\AppData\Local\openvr\openvrpaths.vrpath
[Parent 22380] WARNING: pipe error: 109: file c:/builds/moz2_slave/m-beta-w32-de-0000000000000000/build/src/ipc/chromium/src/chrome/common/ipc_channel_win.cc, line 346
Unable to read VR Path Registry from C:\Users\SzaboAdam\AppData\Local\openvr\openvrpaths.vrpath
[Child 3304] WARNING: pipe error: 109: file c:/builds/moz2_slave/m-beta-w32-de-0000000000000000/build/src/ipc/chromium/src/chrome/common/ipc_channel_win.cc, line 346
[Child 3304] WARNING: pipe error: 109: file c:/builds/moz2_slave/m-beta-w32-de-0000000000000000/build/src/ipc/chromium/src/chrome/common/ipc_channel_win.cc, line 346
1501067317717	Marionette	INFO	Listening on port 30472
1501067317756	Marionette	INFO	Listening on port 30472
1501067317952	Marionette	DEBUG	loaded listener.js
13:08:37.968 INFO - Detected dialect: W3C
13:08:37.970 INFO - Done: [new session: Capabilities [{acceptSslCerts=true, marionette=true, name=Bootstrap Responsive, browserName=firefox, javascriptEnabled=true, platform=ANY}]]
13:08:37.974 INFO - Executing: [set window size])
13:08:38.053 INFO - Done: [set window size]
13:08:38.057 INFO - Executing: [get: https://v4-alpha.getbootstrap.com/examples/dashboard])
1501067318063	Marionette	DEBUG	Received DOM event "beforeunload" for "about:blank"
1501067318425	Marionette	DEBUG	Received DOM event "pagehide" for "about:blank"
1501067318425	Marionette	DEBUG	Received DOM event "unload" for "about:blank"
1501067318633	Marionette	DEBUG	Received DOM event "DOMContentLoaded" for "http://v4-alpha.getbootstrap.com/examples/dashboard/"
1501067318637	Marionette	DEBUG	Received DOM event "pageshow" for "http://v4-alpha.getbootstrap.com/examples/dashboard/"
13:08:38.642 INFO - Done: [get: https://v4-alpha.getbootstrap.com/examples/dashboard]
13:08:38.647 INFO - Executing: [find elements: By.cssSelector: body])
13:08:38.657 INFO - Done: [find elements: By.cssSelector: body]
13:08:38.660 INFO - Executing: [is displayed: 0 [[FirefoxDriver: firefox on ANY (d7b84378-1c0f-4c28-8aa6-a0ee88d74182)] -> css selector: body]])
13:08:38.692 INFO - Done: [is displayed: 0 [[FirefoxDriver: firefox on ANY (d7b84378-1c0f-4c28-8aa6-a0ee88d74182)] -> css selector: body]]
13:08:38.696 INFO - Executing: [find element: By.cssSelector: main h1])
13:08:38.706 INFO - Done: [find element: By.cssSelector: main h1]
13:08:38.709 INFO - Executing: [get text: 1 [[FirefoxDriver: firefox on ANY (d7b84378-1c0f-4c28-8aa6-a0ee88d74182)] -> css selector: main h1]])
13:08:38.722 INFO - Done: [get text: 1 [[FirefoxDriver: firefox on ANY (d7b84378-1c0f-4c28-8aa6-a0ee88d74182)] -> css selector: main h1]]
13:08:38.725 INFO - Executing: [take screenshot])
13:08:38.753 INFO - Done: [take screenshot]
13:08:38.760 INFO - Executing: [delete session: ab9a5740-1d32-467c-bcb1-12755c731899])
1501067318764	Marionette	INFO	New connections will no longer be accepted
[GFX1-]: Receive IPC close with reason=AbnormalShutdown
13:08:39.153 INFO - Done: [delete session: ab9a5740-1d32-467c-bcb1-12755c731899]
13:08:39.158 INFO - Executing: [new session: Capabilities [{acceptSslCerts=true, marionette=true, name=Bootstrap Responsive, browserName=firefox, javascriptEnabled=true, platform=ANY}]])
13:08:39.159 INFO - Creating a new session for Capabilities [{acceptSslCerts=true, marionette=true, name=Bootstrap Responsive, browserName=firefox, javascriptEnabled=true, platform=ANY}]
1501067319203	geckodriver	INFO	geckodriver 0.18.0
1501067319208	geckodriver	INFO	Listening on 127.0.0.1:35622
1501067319738	geckodriver::marionette	INFO	Starting browser C:\Program Files (x86)\Firefox Developer Edition\firefox.exe with args ["-marionette"]
1501067320305	Marionette	INFO	Enabled via --marionette
Unable to read VR Path Registry from C:\Users\SzaboAdam\AppData\Local\openvr\openvrpaths.vrpath
[GPU 10876] WARNING: pipe error: 109: file c:/builds/moz2_slave/m-beta-w32-de-0000000000000000/build/src/ipc/chromium/src/chrome/common/ipc_channel_win.cc, line 346
Unable to read VR Path Registry from C:\Users\SzaboAdam\AppData\Local\openvr\openvrpaths.vrpath
[Parent 24692] WARNING: pipe error: 109: file c:/builds/moz2_slave/m-beta-w32-de-0000000000000000/build/src/ipc/chromium/src/chrome/common/ipc_channel_win.cc, line 346
Unable to read VR Path Registry from C:\Users\SzaboAdam\AppData\Local\openvr\openvrpaths.vrpath
[Child 14860] WARNING: pipe error: 109: file c:/builds/moz2_slave/m-beta-w32-de-0000000000000000/build/src/ipc/chromium/src/chrome/common/ipc_channel_win.cc, line 346
[Child 14860] WARNING: pipe error: 109: file c:/builds/moz2_slave/m-beta-w32-de-0000000000000000/build/src/ipc/chromium/src/chrome/common/ipc_channel_win.cc, line 346
1501067321428	Marionette	INFO	Listening on port 30525
1501067321439	Marionette	INFO	Listening on port 30525
1501067321784	Marionette	DEBUG	loaded listener.js
13:08:41.802 INFO - Detected dialect: W3C
13:08:41.803 INFO - Done: [new session: Capabilities [{acceptSslCerts=true, marionette=true, name=Bootstrap Responsive, browserName=firefox, javascriptEnabled=true, platform=ANY}]]
13:08:41.807 INFO - Executing: [set window size])
13:08:41.896 INFO - Done: [set window size]
13:08:41.900 INFO - Executing: [get: https://v4-alpha.getbootstrap.com/examples/dashboard])
1501067321906	Marionette	DEBUG	Received DOM event "beforeunload" for "about:blank"
1501067322356	Marionette	DEBUG	Received DOM event "pagehide" for "about:blank"
1501067322356	Marionette	DEBUG	Received DOM event "unload" for "about:blank"
1501067322510	Marionette	DEBUG	Received DOM event "DOMContentLoaded" for "http://v4-alpha.getbootstrap.com/examples/dashboard/"
1501067322512	Marionette	DEBUG	Received DOM event "pageshow" for "http://v4-alpha.getbootstrap.com/examples/dashboard/"
13:08:42.516 INFO - Done: [get: https://v4-alpha.getbootstrap.com/examples/dashboard]
13:08:42.520 INFO - Executing: [find elements: By.cssSelector: body])
13:08:42.532 INFO - Done: [find elements: By.cssSelector: body]
13:08:42.535 INFO - Executing: [is displayed: 0 [[FirefoxDriver: firefox on ANY (d00e8403-6cd6-46bc-8485-d1027324a0d2)] -> css selector: body]])
13:08:42.573 INFO - Done: [is displayed: 0 [[FirefoxDriver: firefox on ANY (d00e8403-6cd6-46bc-8485-d1027324a0d2)] -> css selector: body]]
13:08:42.577 INFO - Executing: [find element: By.cssSelector: main h1])
13:08:42.585 INFO - Done: [find element: By.cssSelector: main h1]
13:08:42.589 INFO - Executing: [get text: 1 [[FirefoxDriver: firefox on ANY (d00e8403-6cd6-46bc-8485-d1027324a0d2)] -> css selector: main h1]])
13:08:42.605 INFO - Done: [get text: 1 [[FirefoxDriver: firefox on ANY (d00e8403-6cd6-46bc-8485-d1027324a0d2)] -> css selector: main h1]]
13:08:42.607 INFO - Executing: [take screenshot])
13:08:42.764 INFO - Done: [take screenshot]
13:08:42.769 INFO - Executing: [delete session: 147c6515-232b-4e29-b974-d2e477359318])
1501067322772	Marionette	INFO	New connections will no longer be accepted
[GFX1-]: Receive IPC close with reason=AbnormalShutdown
13:08:43.196 INFO - Done: [delete session: 147c6515-232b-4e29-b974-d2e477359318]
13:08:43.208 INFO - Executing: [new session: Capabilities [{acceptSslCerts=true, marionette=true, name=Github Bootstrap, browserName=firefox, javascriptEnabled=true, platform=ANY}]])
13:08:43.209 INFO - Creating a new session for Capabilities [{acceptSslCerts=true, marionette=true, name=Github Bootstrap, browserName=firefox, javascriptEnabled=true, platform=ANY}]
1501067323251	geckodriver	INFO	geckodriver 0.18.0
1501067323257	geckodriver	INFO	Listening on 127.0.0.1:33455
1501067323786	geckodriver::marionette	INFO	Starting browser C:\Program Files (x86)\Firefox Developer Edition\firefox.exe with args ["-marionette"]
1501067324336	Marionette	INFO	Enabled via --marionette
Unable to read VR Path Registry from C:\Users\SzaboAdam\AppData\Local\openvr\openvrpaths.vrpath
[GPU 19772] WARNING: pipe error: 109: file c:/builds/moz2_slave/m-beta-w32-de-0000000000000000/build/src/ipc/chromium/src/chrome/common/ipc_channel_win.cc, line 346
Unable to read VR Path Registry from C:\Users\SzaboAdam\AppData\Local\openvr\openvrpaths.vrpath
[Parent 2516] WARNING: pipe error: 109: file c:/builds/moz2_slave/m-beta-w32-de-0000000000000000/build/src/ipc/chromium/src/chrome/common/ipc_channel_win.cc, line 346
Unable to read VR Path Registry from C:\Users\SzaboAdam\AppData\Local\openvr\openvrpaths.vrpath
[Child 22360] WARNING: pipe error: 109: file c:/builds/moz2_slave/m-beta-w32-de-0000000000000000/build/src/ipc/chromium/src/chrome/common/ipc_channel_win.cc, line 346
[Child 22360] WARNING: pipe error: 109: file c:/builds/moz2_slave/m-beta-w32-de-0000000000000000/build/src/ipc/chromium/src/chrome/common/ipc_channel_win.cc, line 346
1501067325613	Marionette	INFO	Listening on port 30582
1501067325632	Marionette	INFO	Listening on port 30582
1501067325818	Marionette	DEBUG	loaded listener.js
13:08:45.832 INFO - Detected dialect: W3C
13:08:45.833 INFO - Done: [new session: Capabilities [{acceptSslCerts=true, marionette=true, name=Github Bootstrap, browserName=firefox, javascriptEnabled=true, platform=ANY}]]
13:08:45.837 INFO - Executing: [get: https://github.com])
1501067325845	Marionette	DEBUG	Received DOM event "beforeunload" for "about:blank"
1501067326352	Marionette	DEBUG	Received DOM event "pagehide" for "about:blank"
1501067326352	Marionette	DEBUG	Received DOM event "unload" for "about:blank"
1501067327302	Marionette	DEBUG	Received DOM event "DOMContentLoaded" for "https://github.com/"
1501067327886	Marionette	DEBUG	Received DOM event "pageshow" for "https://github.com/"
13:08:47.889 INFO - Done: [get: https://github.com]
13:08:47.893 INFO - Executing: [find elements: By.cssSelector: body])
13:08:47.901 INFO - Done: [find elements: By.cssSelector: body]
13:08:47.903 INFO - Executing: [is displayed: 0 [[FirefoxDriver: firefox on ANY (81034943-7ef0-46ac-b241-09c247f5488c)] -> css selector: body]])
13:08:47.936 INFO - Done: [is displayed: 0 [[FirefoxDriver: firefox on ANY (81034943-7ef0-46ac-b241-09c247f5488c)] -> css selector: body]]
13:08:47.940 INFO - Executing: [find element: By.cssSelector: .header-search input[type=text]])
13:08:47.947 INFO - Done: [find element: By.cssSelector: .header-search input[type=text]]
13:08:47.951 INFO - Executing: [send keys: 1 [[FirefoxDriver: firefox on ANY (81034943-7ef0-46ac-b241-09c247f5488c)] -> css selector: .header-search input[type=text]], [b, o, o, t, s, t, r, a, p]])
13:08:47.992 INFO - Done: [send keys: 1 [[FirefoxDriver: firefox on ANY (81034943-7ef0-46ac-b241-09c247f5488c)] -> css selector: .header-search input[type=text]], [b, o, o, t, s, t, r, a, p]]
13:08:48.996 INFO - Executing: [find element: By.cssSelector: .header-search form])
13:08:49.003 INFO - Done: [find element: By.cssSelector: .header-search form]
13:08:49.007 INFO - Executing: [submit: 2 [[FirefoxDriver: firefox on ANY (81034943-7ef0-46ac-b241-09c247f5488c)] -> css selector: .header-search form]])
13:08:49.026 INFO - Done: [submit: 2 [[FirefoxDriver: firefox on ANY (81034943-7ef0-46ac-b241-09c247f5488c)] -> css selector: .header-search form]]
13:08:50.030 INFO - Executing: [find element: By.cssSelector: .repo-list .repo-list-item:nth-child(1)])
13:08:50.037 INFO - Done: [find element: By.cssSelector: .repo-list .repo-list-item:nth-child(1)]
13:08:50.040 INFO - Executing: [get text: 3 [[FirefoxDriver: firefox on ANY (81034943-7ef0-46ac-b241-09c247f5488c)] -> css selector: .repo-list .repo-list-item:nth-child(1)]])
13:08:50.077 INFO - Done: [get text: 3 [[FirefoxDriver: firefox on ANY (81034943-7ef0-46ac-b241-09c247f5488c)] -> css selector: .repo-list .repo-list-item:nth-child(1)]]
13:08:50.081 INFO - Executing: [delete session: 45d05869-1182-4a07-b016-cf53a136d1fc])
1501067330085	Marionette	INFO	New connections will no longer be accepted
[GFX1-]: Receive IPC close with reason=AbnormalShutdown
13:08:50.512 INFO - Done: [delete session: 45d05869-1182-4a07-b016-cf53a136d1fc]
13:08:50.517 INFO - Executing: [new session: Capabilities [{acceptSslCerts=true, marionette=true, name=Github Bootstrap, browserName=firefox, javascriptEnabled=true, platform=ANY}]])
13:08:50.518 INFO - Creating a new session for Capabilities [{acceptSslCerts=true, marionette=true, name=Github Bootstrap, browserName=firefox, javascriptEnabled=true, platform=ANY}]
1501067330562	geckodriver	INFO	geckodriver 0.18.0
1501067330567	geckodriver	INFO	Listening on 127.0.0.1:34007
1501067331093	geckodriver::marionette	INFO	Starting browser C:\Program Files (x86)\Firefox Developer Edition\firefox.exe with args ["-marionette"]
1501067331695	Marionette	INFO	Enabled via --marionette
Unable to read VR Path Registry from C:\Users\SzaboAdam\AppData\Local\openvr\openvrpaths.vrpath
[GPU 12252] WARNING: pipe error: 109: file c:/builds/moz2_slave/m-beta-w32-de-0000000000000000/build/src/ipc/chromium/src/chrome/common/ipc_channel_win.cc, line 346
Unable to read VR Path Registry from C:\Users\SzaboAdam\AppData\Local\openvr\openvrpaths.vrpath
[Child 6356] WARNING: pipe error: 109: file c:/builds/moz2_slave/m-beta-w32-de-0000000000000000/build/src/ipc/chromium/src/chrome/common/ipc_channel_win.cc, line 346
[Child 6356] WARNING: pipe error: 109: file c:/builds/moz2_slave/m-beta-w32-de-0000000000000000/build/src/ipc/chromium/src/chrome/common/ipc_channel_win.cc, line 346
1501067332900	Marionette	INFO	Listening on port 30657
1501067332923	Marionette	INFO	Listening on port 30657
1501067333128	Marionette	DEBUG	loaded listener.js
13:08:53.145 INFO - Detected dialect: W3C
13:08:53.146 INFO - Done: [new session: Capabilities [{acceptSslCerts=true, marionette=true, name=Github Bootstrap, browserName=firefox, javascriptEnabled=true, platform=ANY}]]
13:08:53.149 INFO - Executing: [get: https://github.com/search?utf8=%E2%9C%93&q=bootstrap&type=])
1501067333155	Marionette	DEBUG	Received DOM event "beforeunload" for "about:blank"
1501067333756	Marionette	DEBUG	Received DOM event "pagehide" for "about:blank"
1501067333756	Marionette	DEBUG	Received DOM event "unload" for "about:blank"
1501067334889	Marionette	DEBUG	Received DOM event "DOMContentLoaded" for "https://github.com/search?utf8=%E2%9C%93&q=bootstrap&type="
1501067335388	Marionette	DEBUG	Received DOM event "pageshow" for "https://github.com/search?utf8=%E2%9C%93&q=bootstrap&type="
13:08:55.391 INFO - Done: [get: https://github.com/search?utf8=%E2%9C%93&q=bootstrap&type=]
13:08:55.399 INFO - Executing: [find elements: By.cssSelector: body])
13:08:55.409 INFO - Done: [find elements: By.cssSelector: body]
13:08:55.412 INFO - Executing: [is displayed: 0 [[FirefoxDriver: firefox on ANY (d130ce93-8143-487c-bedd-16b5596d51b0)] -> css selector: body]])
13:08:55.445 INFO - Done: [is displayed: 0 [[FirefoxDriver: firefox on ANY (d130ce93-8143-487c-bedd-16b5596d51b0)] -> css selector: body]]
13:08:56.448 INFO - Executing: [find elements: By.xpath: //*[contains(@class, "repo-list")]//*[contains(@class, "repo-list-item")]//*[contains(., "twbs/bootstrap")]])
13:08:56.459 INFO - Done: [find elements: By.xpath: //*[contains(@class, "repo-list")]//*[contains(@class, "repo-list-item")]//*[contains(., "twbs/bootstrap")]]
13:08:56.464 INFO - Executing: [find element: By.xpath: //*[contains(@class, "repo-list")]//*[contains(@class, "repo-list-item")]//*[contains(., "twbs/bootstrap")]//a])
13:08:56.473 INFO - Done: [find element: By.xpath: //*[contains(@class, "repo-list")]//*[contains(@class, "repo-list-item")]//*[contains(., "twbs/bootstrap")]//a]
13:08:56.476 INFO - Executing: [click: 3 [[FirefoxDriver: firefox on ANY (d130ce93-8143-487c-bedd-16b5596d51b0)] -> xpath: //*[contains(@class, "repo-list")]//*[contains(@class, "repo-list-item")]//*[contains(., "twbs/bootstrap")]]])
1501067336507	Marionette	DEBUG	Received DOM event "beforeunload" for "https://github.com/search?utf8=%E2%9C%93&q=bootstrap&type="
1501067336897	Marionette	DEBUG	Received DOM event "pagehide" for "https://github.com/search?utf8=%E2%9C%93&q=bootstrap&type="
1501067336899	Marionette	DEBUG	Received DOM event "unload" for "https://github.com/search?utf8=%E2%9C%93&q=bootstrap&type="
1501067337250	Marionette	DEBUG	Received DOM event "DOMContentLoaded" for "https://github.com/twbs/bootstrap"
1501067341233	Marionette	DEBUG	Received DOM event "pageshow" for "https://github.com/twbs/bootstrap"
13:09:01.238 INFO - Done: [click: 3 [[FirefoxDriver: firefox on ANY (d130ce93-8143-487c-bedd-16b5596d51b0)] -> xpath: //*[contains(@class, "repo-list")]//*[contains(@class, "repo-list-item")]//*[contains(., "twbs/bootstrap")]]]
13:09:03.244 INFO - Executing: [find element: By.cssSelector: .repohead-details-container])
13:09:03.256 INFO - Done: [find element: By.cssSelector: .repohead-details-container]
13:09:03.258 INFO - Executing: [get text: 4 [[FirefoxDriver: firefox on ANY (d130ce93-8143-487c-bedd-16b5596d51b0)] -> css selector: .repohead-details-container]])
13:09:03.299 INFO - Done: [get text: 4 [[FirefoxDriver: firefox on ANY (d130ce93-8143-487c-bedd-16b5596d51b0)] -> css selector: .repohead-details-container]]
13:09:03.302 INFO - Executing: [delete session: a6d4fd1e-7a99-4b20-a2e9-c723ec3a3238])
1501067343306	Marionette	INFO	New connections will no longer be accepted
[GFX1-]: Receive IPC close with reason=AbnormalShutdown
13:09:03.698 INFO - Done: [delete session: a6d4fd1e-7a99-4b20-a2e9-c723ec3a3238]
